{"D:\\FullStackOpen\\esimerkkiharjoitukset\\notes-frontend\\src\\App.js": {"path":"D:\\FullStackOpen\\esimerkkiharjoitukset\\notes-frontend\\src\\App.js","statementMap":{"0":{"start":{"line":10,"column":12},"end":{"line":148,"column":1}},"1":{"start":{"line":11,"column":28},"end":{"line":11,"column":40}},"2":{"start":{"line":12,"column":32},"end":{"line":12,"column":44}},"3":{"start":{"line":13,"column":32},"end":{"line":13,"column":46}},"4":{"start":{"line":14,"column":42},"end":{"line":14,"column":56}},"5":{"start":{"line":15,"column":34},"end":{"line":15,"column":46}},"6":{"start":{"line":16,"column":34},"end":{"line":16,"column":46}},"7":{"start":{"line":17,"column":26},"end":{"line":17,"column":40}},"8":{"start":{"line":20,"column":2},"end":{"line":26,"column":8}},"9":{"start":{"line":21,"column":4},"end":{"line":25,"column":8}},"10":{"start":{"line":24,"column":8},"end":{"line":24,"column":30}},"11":{"start":{"line":28,"column":2},"end":{"line":35,"column":8}},"12":{"start":{"line":29,"column":27},"end":{"line":29,"column":75}},"13":{"start":{"line":30,"column":4},"end":{"line":34,"column":5}},"14":{"start":{"line":31,"column":19},"end":{"line":31,"column":45}},"15":{"start":{"line":32,"column":6},"end":{"line":32,"column":19}},"16":{"start":{"line":33,"column":6},"end":{"line":33,"column":38}},"17":{"start":{"line":37,"column":18},"end":{"line":50,"column":3}},"18":{"start":{"line":38,"column":4},"end":{"line":38,"column":26}},"19":{"start":{"line":39,"column":23},"end":{"line":42,"column":5}},"20":{"start":{"line":44,"column":4},"end":{"line":49,"column":8}},"21":{"start":{"line":47,"column":8},"end":{"line":47,"column":44}},"22":{"start":{"line":48,"column":8},"end":{"line":48,"column":22}},"23":{"start":{"line":52,"column":27},"end":{"line":54,"column":3}},"24":{"start":{"line":53,"column":4},"end":{"line":53,"column":34}},"25":{"start":{"line":56,"column":22},"end":{"line":58,"column":42}},"26":{"start":{"line":58,"column":27},"end":{"line":58,"column":41}},"27":{"start":{"line":60,"column":29},"end":{"line":77,"column":3}},"28":{"start":{"line":61,"column":17},"end":{"line":61,"column":45}},"29":{"start":{"line":61,"column":33},"end":{"line":61,"column":44}},"30":{"start":{"line":62,"column":24},"end":{"line":62,"column":63}},"31":{"start":{"line":64,"column":4},"end":{"line":76,"column":8}},"32":{"start":{"line":66,"column":8},"end":{"line":66,"column":73}},"33":{"start":{"line":66,"column":35},"end":{"line":66,"column":71}},"34":{"start":{"line":69,"column":8},"end":{"line":71,"column":9}},"35":{"start":{"line":72,"column":8},"end":{"line":74,"column":16}},"36":{"start":{"line":73,"column":10},"end":{"line":73,"column":31}},"37":{"start":{"line":75,"column":8},"end":{"line":75,"column":48}},"38":{"start":{"line":75,"column":35},"end":{"line":75,"column":46}},"39":{"start":{"line":79,"column":22},"end":{"line":102,"column":3}},"40":{"start":{"line":80,"column":4},"end":{"line":80,"column":26}},"41":{"start":{"line":81,"column":4},"end":{"line":81,"column":54}},"42":{"start":{"line":83,"column":4},"end":{"line":101,"column":5}},"43":{"start":{"line":84,"column":19},"end":{"line":86,"column":8}},"44":{"start":{"line":88,"column":6},"end":{"line":90,"column":7}},"45":{"start":{"line":92,"column":6},"end":{"line":92,"column":38}},"46":{"start":{"line":93,"column":6},"end":{"line":93,"column":19}},"47":{"start":{"line":94,"column":6},"end":{"line":94,"column":21}},"48":{"start":{"line":95,"column":6},"end":{"line":95,"column":21}},"49":{"start":{"line":97,"column":6},"end":{"line":97,"column":42}},"50":{"start":{"line":98,"column":6},"end":{"line":100,"column":14}},"51":{"start":{"line":99,"column":8},"end":{"line":99,"column":29}},"52":{"start":{"line":105,"column":2},"end":{"line":147,"column":3}},"53":{"start":{"line":131,"column":31},"end":{"line":131,"column":51}},"54":{"start":{"line":137,"column":10},"end":{"line":141,"column":12}},"55":{"start":{"line":140,"column":36},"end":{"line":140,"column":63}}},"fnMap":{"0":{"name":"(anonymous_0)","decl":{"start":{"line":10,"column":12},"end":{"line":10,"column":13}},"loc":{"start":{"line":10,"column":18},"end":{"line":148,"column":1}},"line":10},"1":{"name":"(anonymous_1)","decl":{"start":{"line":20,"column":12},"end":{"line":20,"column":13}},"loc":{"start":{"line":20,"column":18},"end":{"line":26,"column":3}},"line":20},"2":{"name":"(anonymous_2)","decl":{"start":{"line":23,"column":12},"end":{"line":23,"column":13}},"loc":{"start":{"line":23,"column":28},"end":{"line":25,"column":7}},"line":23},"3":{"name":"(anonymous_3)","decl":{"start":{"line":28,"column":12},"end":{"line":28,"column":13}},"loc":{"start":{"line":28,"column":18},"end":{"line":35,"column":3}},"line":28},"4":{"name":"(anonymous_4)","decl":{"start":{"line":37,"column":18},"end":{"line":37,"column":19}},"loc":{"start":{"line":37,"column":29},"end":{"line":50,"column":3}},"line":37},"5":{"name":"(anonymous_5)","decl":{"start":{"line":46,"column":12},"end":{"line":46,"column":13}},"loc":{"start":{"line":46,"column":28},"end":{"line":49,"column":7}},"line":46},"6":{"name":"(anonymous_6)","decl":{"start":{"line":52,"column":27},"end":{"line":52,"column":28}},"loc":{"start":{"line":52,"column":38},"end":{"line":54,"column":3}},"line":52},"7":{"name":"(anonymous_7)","decl":{"start":{"line":58,"column":19},"end":{"line":58,"column":20}},"loc":{"start":{"line":58,"column":27},"end":{"line":58,"column":41}},"line":58},"8":{"name":"(anonymous_8)","decl":{"start":{"line":60,"column":29},"end":{"line":60,"column":30}},"loc":{"start":{"line":60,"column":35},"end":{"line":77,"column":3}},"line":60},"9":{"name":"(anonymous_9)","decl":{"start":{"line":61,"column":28},"end":{"line":61,"column":29}},"loc":{"start":{"line":61,"column":33},"end":{"line":61,"column":44}},"line":61},"10":{"name":"(anonymous_10)","decl":{"start":{"line":65,"column":36},"end":{"line":65,"column":37}},"loc":{"start":{"line":65,"column":52},"end":{"line":67,"column":7}},"line":65},"11":{"name":"(anonymous_11)","decl":{"start":{"line":66,"column":27},"end":{"line":66,"column":28}},"loc":{"start":{"line":66,"column":35},"end":{"line":66,"column":71}},"line":66},"12":{"name":"(anonymous_12)","decl":{"start":{"line":68,"column":13},"end":{"line":68,"column":14}},"loc":{"start":{"line":68,"column":22},"end":{"line":76,"column":7}},"line":68},"13":{"name":"(anonymous_13)","decl":{"start":{"line":72,"column":19},"end":{"line":72,"column":20}},"loc":{"start":{"line":72,"column":25},"end":{"line":74,"column":9}},"line":72},"14":{"name":"(anonymous_14)","decl":{"start":{"line":75,"column":30},"end":{"line":75,"column":31}},"loc":{"start":{"line":75,"column":35},"end":{"line":75,"column":46}},"line":75},"15":{"name":"(anonymous_15)","decl":{"start":{"line":79,"column":22},"end":{"line":79,"column":23}},"loc":{"start":{"line":79,"column":39},"end":{"line":102,"column":3}},"line":79},"16":{"name":"(anonymous_16)","decl":{"start":{"line":98,"column":17},"end":{"line":98,"column":18}},"loc":{"start":{"line":98,"column":23},"end":{"line":100,"column":7}},"line":98},"17":{"name":"(anonymous_17)","decl":{"start":{"line":131,"column":25},"end":{"line":131,"column":26}},"loc":{"start":{"line":131,"column":31},"end":{"line":131,"column":51}},"line":131},"18":{"name":"(anonymous_18)","decl":{"start":{"line":136,"column":25},"end":{"line":136,"column":26}},"loc":{"start":{"line":137,"column":10},"end":{"line":141,"column":12}},"line":137},"19":{"name":"(anonymous_19)","decl":{"start":{"line":140,"column":30},"end":{"line":140,"column":31}},"loc":{"start":{"line":140,"column":36},"end":{"line":140,"column":63}},"line":140}},"branchMap":{"0":{"loc":{"start":{"line":30,"column":4},"end":{"line":34,"column":5}},"type":"if","locations":[{"start":{"line":30,"column":4},"end":{"line":34,"column":5}},{"start":{},"end":{}}],"line":30},"1":{"loc":{"start":{"line":56,"column":22},"end":{"line":58,"column":42}},"type":"cond-expr","locations":[{"start":{"line":57,"column":6},"end":{"line":57,"column":11}},{"start":{"line":58,"column":6},"end":{"line":58,"column":42}}],"line":56},"2":{"loc":{"start":{"line":66,"column":35},"end":{"line":66,"column":71}},"type":"cond-expr","locations":[{"start":{"line":66,"column":52},"end":{"line":66,"column":56}},{"start":{"line":66,"column":59},"end":{"line":66,"column":71}}],"line":66},"3":{"loc":{"start":{"line":111,"column":7},"end":{"line":119,"column":7}},"type":"binary-expr","locations":[{"start":{"line":111,"column":7},"end":{"line":111,"column":12}},{"start":{"line":112,"column":8},"end":{"line":118,"column":10}}],"line":111},"4":{"loc":{"start":{"line":120,"column":7},"end":{"line":128,"column":7}},"type":"binary-expr","locations":[{"start":{"line":120,"column":7},"end":{"line":120,"column":11}},{"start":{"line":120,"column":16},"end":{"line":127,"column":12}}],"line":120},"5":{"loc":{"start":{"line":132,"column":16},"end":{"line":132,"column":45}},"type":"cond-expr","locations":[{"start":{"line":132,"column":26},"end":{"line":132,"column":37}},{"start":{"line":132,"column":40},"end":{"line":132,"column":45}}],"line":132}},"s":{"0":0,"1":0,"2":0,"3":0,"4":0,"5":0,"6":0,"7":0,"8":0,"9":0,"10":0,"11":0,"12":0,"13":0,"14":0,"15":0,"16":0,"17":0,"18":0,"19":0,"20":0,"21":0,"22":0,"23":0,"24":0,"25":0,"26":0,"27":0,"28":0,"29":0,"30":0,"31":0,"32":0,"33":0,"34":0,"35":0,"36":0,"37":0,"38":0,"39":0,"40":0,"41":0,"42":0,"43":0,"44":0,"45":0,"46":0,"47":0,"48":0,"49":0,"50":0,"51":0,"52":0,"53":0,"54":0,"55":0},"f":{"0":0,"1":0,"2":0,"3":0,"4":0,"5":0,"6":0,"7":0,"8":0,"9":0,"10":0,"11":0,"12":0,"13":0,"14":0,"15":0,"16":0,"17":0,"18":0,"19":0},"b":{"0":[0,0],"1":[0,0],"2":[0,0],"3":[0,0],"4":[0,0],"5":[0,0]}}
,"D:\\FullStackOpen\\esimerkkiharjoitukset\\notes-frontend\\src\\index.js": {"path":"D:\\FullStackOpen\\esimerkkiharjoitukset\\notes-frontend\\src\\index.js","statementMap":{"0":{"start":{"line":7,"column":0},"end":{"line":7,"column":67}}},"fnMap":{},"branchMap":{},"s":{"0":0},"f":{},"b":{}}
,"D:\\FullStackOpen\\esimerkkiharjoitukset\\notes-frontend\\src\\components\\Footer.js": {"path":"D:\\FullStackOpen\\esimerkkiharjoitukset\\notes-frontend\\src\\components\\Footer.js","statementMap":{"0":{"start":{"line":1,"column":15},"end":{"line":14,"column":1}},"1":{"start":{"line":2,"column":22},"end":{"line":6,"column":3}},"2":{"start":{"line":8,"column":2},"end":{"line":13,"column":3}}},"fnMap":{"0":{"name":"(anonymous_0)","decl":{"start":{"line":1,"column":15},"end":{"line":1,"column":16}},"loc":{"start":{"line":1,"column":21},"end":{"line":14,"column":1}},"line":1}},"branchMap":{},"s":{"0":0,"1":0,"2":0},"f":{"0":0},"b":{}}
,"D:\\FullStackOpen\\esimerkkiharjoitukset\\notes-frontend\\src\\components\\LoginForm.js": {"path":"D:\\FullStackOpen\\esimerkkiharjoitukset\\notes-frontend\\src\\components\\LoginForm.js","statementMap":{"0":{"start":{"line":3,"column":18},"end":{"line":25,"column":1}},"1":{"start":{"line":4,"column":2},"end":{"line":24,"column":9}},"2":{"start":{"line":11,"column":34},"end":{"line":11,"column":59}},"3":{"start":{"line":20,"column":34},"end":{"line":20,"column":59}}},"fnMap":{"0":{"name":"(anonymous_0)","decl":{"start":{"line":3,"column":18},"end":{"line":3,"column":19}},"loc":{"start":{"line":4,"column":2},"end":{"line":24,"column":9}},"line":4},"1":{"name":"(anonymous_1)","decl":{"start":{"line":11,"column":18},"end":{"line":11,"column":19}},"loc":{"start":{"line":11,"column":34},"end":{"line":11,"column":59}},"line":11},"2":{"name":"(anonymous_2)","decl":{"start":{"line":20,"column":18},"end":{"line":20,"column":19}},"loc":{"start":{"line":20,"column":34},"end":{"line":20,"column":59}},"line":20}},"branchMap":{},"s":{"0":0,"1":0,"2":0,"3":0},"f":{"0":0,"1":0,"2":0},"b":{}}
,"D:\\FullStackOpen\\esimerkkiharjoitukset\\notes-frontend\\src\\components\\Note.js": {"path":"D:\\FullStackOpen\\esimerkkiharjoitukset\\notes-frontend\\src\\components\\Note.js","statementMap":{"0":{"start":{"line":1,"column":13},"end":{"line":16,"column":1}},"1":{"start":{"line":2,"column":16},"end":{"line":4,"column":22}},"2":{"start":{"line":6,"column":22},"end":{"line":8,"column":24}},"3":{"start":{"line":10,"column":2},"end":{"line":15,"column":3}}},"fnMap":{"0":{"name":"(anonymous_0)","decl":{"start":{"line":1,"column":13},"end":{"line":1,"column":14}},"loc":{"start":{"line":1,"column":45},"end":{"line":16,"column":1}},"line":1}},"branchMap":{"0":{"loc":{"start":{"line":2,"column":16},"end":{"line":4,"column":22}},"type":"cond-expr","locations":[{"start":{"line":3,"column":6},"end":{"line":3,"column":26}},{"start":{"line":4,"column":6},"end":{"line":4,"column":22}}],"line":2},"1":{"loc":{"start":{"line":6,"column":22},"end":{"line":8,"column":24}},"type":"cond-expr","locations":[{"start":{"line":7,"column":4},"end":{"line":7,"column":24}},{"start":{"line":8,"column":4},"end":{"line":8,"column":24}}],"line":6}},"s":{"0":1,"1":2,"2":2,"3":2},"f":{"0":2},"b":{"0":[2,0],"1":[2,0]},"_coverageSchema":"1a1c01bbd47fc00a2c39e90264f33305004495a9","hash":"b6fe1c3f312ec8443e70720693fb92e0398ba8c1"}
,"D:\\FullStackOpen\\esimerkkiharjoitukset\\notes-frontend\\src\\components\\NoteForm.js": {"path":"D:\\FullStackOpen\\esimerkkiharjoitukset\\notes-frontend\\src\\components\\NoteForm.js","statementMap":{"0":{"start":{"line":2,"column":17},"end":{"line":10,"column":1}},"1":{"start":{"line":3,"column":2},"end":{"line":9,"column":9}}},"fnMap":{"0":{"name":"(anonymous_0)","decl":{"start":{"line":2,"column":17},"end":{"line":2,"column":18}},"loc":{"start":{"line":3,"column":2},"end":{"line":9,"column":9}},"line":3}},"branchMap":{},"s":{"0":0,"1":0},"f":{"0":0},"b":{}}
,"D:\\FullStackOpen\\esimerkkiharjoitukset\\notes-frontend\\src\\components\\Notification.js": {"path":"D:\\FullStackOpen\\esimerkkiharjoitukset\\notes-frontend\\src\\components\\Notification.js","statementMap":{"0":{"start":{"line":1,"column":21},"end":{"line":11,"column":1}},"1":{"start":{"line":2,"column":2},"end":{"line":4,"column":3}},"2":{"start":{"line":3,"column":4},"end":{"line":3,"column":15}},"3":{"start":{"line":6,"column":2},"end":{"line":10,"column":3}}},"fnMap":{"0":{"name":"(anonymous_0)","decl":{"start":{"line":1,"column":21},"end":{"line":1,"column":22}},"loc":{"start":{"line":1,"column":38},"end":{"line":11,"column":1}},"line":1}},"branchMap":{"0":{"loc":{"start":{"line":2,"column":2},"end":{"line":4,"column":3}},"type":"if","locations":[{"start":{"line":2,"column":2},"end":{"line":4,"column":3}},{"start":{},"end":{}}],"line":2}},"s":{"0":0,"1":0,"2":0,"3":0},"f":{"0":0},"b":{"0":[0,0]}}
,"D:\\FullStackOpen\\esimerkkiharjoitukset\\notes-frontend\\src\\components\\Togglable.js": {"path":"D:\\FullStackOpen\\esimerkkiharjoitukset\\notes-frontend\\src\\components\\Togglable.js","statementMap":{"0":{"start":{"line":3,"column":18},"end":{"line":24,"column":1}},"1":{"start":{"line":4,"column":32},"end":{"line":4,"column":47}},"2":{"start":{"line":6,"column":26},"end":{"line":6,"column":60}},"3":{"start":{"line":7,"column":26},"end":{"line":7,"column":60}},"4":{"start":{"line":9,"column":27},"end":{"line":11,"column":3}},"5":{"start":{"line":10,"column":4},"end":{"line":10,"column":24}},"6":{"start":{"line":13,"column":2},"end":{"line":23,"column":3}}},"fnMap":{"0":{"name":"(anonymous_0)","decl":{"start":{"line":3,"column":18},"end":{"line":3,"column":19}},"loc":{"start":{"line":3,"column":29},"end":{"line":24,"column":1}},"line":3},"1":{"name":"(anonymous_1)","decl":{"start":{"line":9,"column":27},"end":{"line":9,"column":28}},"loc":{"start":{"line":9,"column":33},"end":{"line":11,"column":3}},"line":9}},"branchMap":{"0":{"loc":{"start":{"line":6,"column":37},"end":{"line":6,"column":58}},"type":"cond-expr","locations":[{"start":{"line":6,"column":47},"end":{"line":6,"column":53}},{"start":{"line":6,"column":56},"end":{"line":6,"column":58}}],"line":6},"1":{"loc":{"start":{"line":7,"column":37},"end":{"line":7,"column":58}},"type":"cond-expr","locations":[{"start":{"line":7,"column":47},"end":{"line":7,"column":49}},{"start":{"line":7,"column":52},"end":{"line":7,"column":58}}],"line":7}},"s":{"0":1,"1":4,"2":4,"3":4,"4":4,"5":1,"6":4},"f":{"0":4,"1":1},"b":{"0":[1,3],"1":[1,3]},"_coverageSchema":"1a1c01bbd47fc00a2c39e90264f33305004495a9","hash":"e323c889b5efa4e58facf96e7d85058e9d9deda9"}
,"D:\\FullStackOpen\\esimerkkiharjoitukset\\notes-frontend\\src\\services\\login.js": {"path":"D:\\FullStackOpen\\esimerkkiharjoitukset\\notes-frontend\\src\\services\\login.js","statementMap":{"0":{"start":{"line":2,"column":16},"end":{"line":2,"column":28}},"1":{"start":{"line":4,"column":14},"end":{"line":7,"column":1}},"2":{"start":{"line":5,"column":19},"end":{"line":5,"column":57}},"3":{"start":{"line":6,"column":2},"end":{"line":6,"column":22}}},"fnMap":{"0":{"name":"(anonymous_0)","decl":{"start":{"line":4,"column":14},"end":{"line":4,"column":15}},"loc":{"start":{"line":4,"column":35},"end":{"line":7,"column":1}},"line":4}},"branchMap":{},"s":{"0":0,"1":0,"2":0,"3":0},"f":{"0":0},"b":{}}
,"D:\\FullStackOpen\\esimerkkiharjoitukset\\notes-frontend\\src\\services\\notes.js": {"path":"D:\\FullStackOpen\\esimerkkiharjoitukset\\notes-frontend\\src\\services\\notes.js","statementMap":{"0":{"start":{"line":2,"column":16},"end":{"line":2,"column":28}},"1":{"start":{"line":4,"column":12},"end":{"line":4,"column":16}},"2":{"start":{"line":6,"column":17},"end":{"line":8,"column":1}},"3":{"start":{"line":7,"column":2},"end":{"line":7,"column":30}},"4":{"start":{"line":9,"column":15},"end":{"line":12,"column":1}},"5":{"start":{"line":10,"column":18},"end":{"line":10,"column":36}},"6":{"start":{"line":11,"column":2},"end":{"line":11,"column":48}},"7":{"start":{"line":11,"column":34},"end":{"line":11,"column":47}},"8":{"start":{"line":14,"column":15},"end":{"line":21,"column":1}},"9":{"start":{"line":15,"column":17},"end":{"line":17,"column":3}},"10":{"start":{"line":19,"column":19},"end":{"line":19,"column":63}},"11":{"start":{"line":20,"column":2},"end":{"line":20,"column":22}},"12":{"start":{"line":23,"column":15},"end":{"line":26,"column":1}},"13":{"start":{"line":24,"column":18},"end":{"line":24,"column":58}},"14":{"start":{"line":25,"column":2},"end":{"line":25,"column":48}},"15":{"start":{"line":25,"column":34},"end":{"line":25,"column":47}}},"fnMap":{"0":{"name":"(anonymous_0)","decl":{"start":{"line":6,"column":17},"end":{"line":6,"column":18}},"loc":{"start":{"line":6,"column":29},"end":{"line":8,"column":1}},"line":6},"1":{"name":"(anonymous_1)","decl":{"start":{"line":9,"column":15},"end":{"line":9,"column":16}},"loc":{"start":{"line":9,"column":21},"end":{"line":12,"column":1}},"line":9},"2":{"name":"(anonymous_2)","decl":{"start":{"line":11,"column":22},"end":{"line":11,"column":23}},"loc":{"start":{"line":11,"column":34},"end":{"line":11,"column":47}},"line":11},"3":{"name":"(anonymous_3)","decl":{"start":{"line":14,"column":15},"end":{"line":14,"column":16}},"loc":{"start":{"line":14,"column":34},"end":{"line":21,"column":1}},"line":14},"4":{"name":"(anonymous_4)","decl":{"start":{"line":23,"column":15},"end":{"line":23,"column":16}},"loc":{"start":{"line":23,"column":34},"end":{"line":26,"column":1}},"line":23},"5":{"name":"(anonymous_5)","decl":{"start":{"line":25,"column":22},"end":{"line":25,"column":23}},"loc":{"start":{"line":25,"column":34},"end":{"line":25,"column":47}},"line":25}},"branchMap":{},"s":{"0":0,"1":0,"2":0,"3":0,"4":0,"5":0,"6":0,"7":0,"8":0,"9":0,"10":0,"11":0,"12":0,"13":0,"14":0,"15":0},"f":{"0":0,"1":0,"2":0,"3":0,"4":0,"5":0},"b":{}}
}
